Analysis & Synthesis report for LCD
Thu Apr 21 17:46:39 2022
Quartus II 64-Bit Version 13.1.0 Build 162 10/23/2013 SJ Full Version


---------------------
; Table of Contents ;
---------------------
  1. Legal Notice
  2. Analysis & Synthesis Summary
  3. Analysis & Synthesis Settings
  4. Parallel Compilation
  5. Analysis & Synthesis Source Files Read
  6. Analysis & Synthesis Resource Usage Summary
  7. Analysis & Synthesis Resource Utilization by Entity
  8. Analysis & Synthesis DSP Block Usage Summary
  9. Analysis & Synthesis IP Cores Summary
 10. User-Specified and Inferred Latches
 11. Registers Removed During Synthesis
 12. General Register Statistics
 13. Parameter Settings for User Entity Instance: altpll0:inst|altpll:altpll_component
 14. Parameter Settings for User Entity Instance: lpm_counter0:inst4|lpm_counter:LPM_COUNTER_component
 15. Parameter Settings for Inferred Entity Instance: Echo:inst2|lpm_mult:Mult0
 16. Parameter Settings for Inferred Entity Instance: Echo:inst2|lpm_divide:Div0
 17. altpll Parameter Settings by Entity Instance
 18. lpm_mult Parameter Settings by Entity Instance
 19. Elapsed Time Per Partition
 20. Analysis & Synthesis Messages



----------------
; Legal Notice ;
----------------
Copyright (C) 1991-2013 Altera Corporation
Your use of Altera Corporation's design tools, logic functions 
and other software and tools, and its AMPP partner logic 
functions, and any output files from any of the foregoing 
(including device programming or simulation files), and any 
associated documentation or information are expressly subject 
to the terms and conditions of the Altera Program License 
Subscription Agreement, Altera MegaCore Function License 
Agreement, or other applicable license agreement, including, 
without limitation, that your use is for the sole purpose of 
programming logic devices manufactured by Altera and sold by 
Altera or its authorized distributors.  Please refer to the 
applicable agreement for further details.



+----------------------------------------------------------------------------------+
; Analysis & Synthesis Summary                                                     ;
+------------------------------------+---------------------------------------------+
; Analysis & Synthesis Status        ; Successful - Thu Apr 21 17:46:39 2022       ;
; Quartus II 64-Bit Version          ; 13.1.0 Build 162 10/23/2013 SJ Full Version ;
; Revision Name                      ; LCD                                         ;
; Top-level Entity Name              ; LCD                                         ;
; Family                             ; Cyclone IV E                                ;
; Total logic elements               ; 4,205                                       ;
;     Total combinational functions  ; 2,277                                       ;
;     Dedicated logic registers      ; 2,020                                       ;
; Total registers                    ; 2020                                        ;
; Total pins                         ; 24                                          ;
; Total virtual pins                 ; 0                                           ;
; Total memory bits                  ; 0                                           ;
; Embedded Multiplier 9-bit elements ; 3                                           ;
; Total PLLs                         ; 1                                           ;
+------------------------------------+---------------------------------------------+


+----------------------------------------------------------------------------------------------------------------------+
; Analysis & Synthesis Settings                                                                                        ;
+----------------------------------------------------------------------------+--------------------+--------------------+
; Option                                                                     ; Setting            ; Default Value      ;
+----------------------------------------------------------------------------+--------------------+--------------------+
; Device                                                                     ; EP4CE6E22C8        ;                    ;
; Top-level entity name                                                      ; LCD                ; LCD                ;
; Family name                                                                ; Cyclone IV E       ; Cyclone IV GX      ;
; Use smart compilation                                                      ; Off                ; Off                ;
; Enable parallel Assembler and TimeQuest Timing Analyzer during compilation ; On                 ; On                 ;
; Enable compact report table                                                ; Off                ; Off                ;
; Restructure Multiplexers                                                   ; Auto               ; Auto               ;
; Create Debugging Nodes for IP Cores                                        ; Off                ; Off                ;
; Preserve fewer node names                                                  ; On                 ; On                 ;
; Disable OpenCore Plus hardware evaluation                                  ; Off                ; Off                ;
; Verilog Version                                                            ; Verilog_2001       ; Verilog_2001       ;
; VHDL Version                                                               ; VHDL_1993          ; VHDL_1993          ;
; State Machine Processing                                                   ; Auto               ; Auto               ;
; Safe State Machine                                                         ; Off                ; Off                ;
; Extract Verilog State Machines                                             ; On                 ; On                 ;
; Extract VHDL State Machines                                                ; On                 ; On                 ;
; Ignore Verilog initial constructs                                          ; Off                ; Off                ;
; Iteration limit for constant Verilog loops                                 ; 5000               ; 5000               ;
; Iteration limit for non-constant Verilog loops                             ; 250                ; 250                ;
; Add Pass-Through Logic to Inferred RAMs                                    ; On                 ; On                 ;
; Infer RAMs from Raw Logic                                                  ; On                 ; On                 ;
; Parallel Synthesis                                                         ; On                 ; On                 ;
; DSP Block Balancing                                                        ; Auto               ; Auto               ;
; NOT Gate Push-Back                                                         ; On                 ; On                 ;
; Power-Up Don't Care                                                        ; On                 ; On                 ;
; Remove Redundant Logic Cells                                               ; Off                ; Off                ;
; Remove Duplicate Registers                                                 ; On                 ; On                 ;
; Ignore CARRY Buffers                                                       ; Off                ; Off                ;
; Ignore CASCADE Buffers                                                     ; Off                ; Off                ;
; Ignore GLOBAL Buffers                                                      ; Off                ; Off                ;
; Ignore ROW GLOBAL Buffers                                                  ; Off                ; Off                ;
; Ignore LCELL Buffers                                                       ; Off                ; Off                ;
; Ignore SOFT Buffers                                                        ; On                 ; On                 ;
; Limit AHDL Integers to 32 Bits                                             ; Off                ; Off                ;
; Optimization Technique                                                     ; Balanced           ; Balanced           ;
; Carry Chain Length                                                         ; 70                 ; 70                 ;
; Auto Carry Chains                                                          ; On                 ; On                 ;
; Auto Open-Drain Pins                                                       ; On                 ; On                 ;
; Perform WYSIWYG Primitive Resynthesis                                      ; Off                ; Off                ;
; Auto ROM Replacement                                                       ; On                 ; On                 ;
; Auto RAM Replacement                                                       ; On                 ; On                 ;
; Auto DSP Block Replacement                                                 ; On                 ; On                 ;
; Auto Shift Register Replacement                                            ; Auto               ; Auto               ;
; Allow Shift Register Merging across Hierarchies                            ; Auto               ; Auto               ;
; Auto Clock Enable Replacement                                              ; On                 ; On                 ;
; Strict RAM Replacement                                                     ; Off                ; Off                ;
; Allow Synchronous Control Signals                                          ; On                 ; On                 ;
; Force Use of Synchronous Clear Signals                                     ; Off                ; Off                ;
; Auto RAM Block Balancing                                                   ; On                 ; On                 ;
; Auto RAM to Logic Cell Conversion                                          ; Off                ; Off                ;
; Auto Resource Sharing                                                      ; Off                ; Off                ;
; Allow Any RAM Size For Recognition                                         ; Off                ; Off                ;
; Allow Any ROM Size For Recognition                                         ; Off                ; Off                ;
; Allow Any Shift Register Size For Recognition                              ; Off                ; Off                ;
; Use LogicLock Constraints during Resource Balancing                        ; On                 ; On                 ;
; Ignore translate_off and synthesis_off directives                          ; Off                ; Off                ;
; Timing-Driven Synthesis                                                    ; On                 ; On                 ;
; Report Parameter Settings                                                  ; On                 ; On                 ;
; Report Source Assignments                                                  ; On                 ; On                 ;
; Report Connectivity Checks                                                 ; On                 ; On                 ;
; Ignore Maximum Fan-Out Assignments                                         ; Off                ; Off                ;
; Synchronization Register Chain Length                                      ; 2                  ; 2                  ;
; PowerPlay Power Optimization                                               ; Normal compilation ; Normal compilation ;
; HDL message level                                                          ; Level2             ; Level2             ;
; Suppress Register Optimization Related Messages                            ; Off                ; Off                ;
; Number of Removed Registers Reported in Synthesis Report                   ; 5000               ; 5000               ;
; Number of Swept Nodes Reported in Synthesis Report                         ; 5000               ; 5000               ;
; Number of Inverted Registers Reported in Synthesis Report                  ; 100                ; 100                ;
; Clock MUX Protection                                                       ; On                 ; On                 ;
; Auto Gated Clock Conversion                                                ; Off                ; Off                ;
; Block Design Naming                                                        ; Auto               ; Auto               ;
; SDC constraint protection                                                  ; Off                ; Off                ;
; Synthesis Effort                                                           ; Auto               ; Auto               ;
; Shift Register Replacement - Allow Asynchronous Clear Signal               ; On                 ; On                 ;
; Pre-Mapping Resynthesis Optimization                                       ; Off                ; Off                ;
; Analysis & Synthesis Message Level                                         ; Medium             ; Medium             ;
; Disable Register Merging Across Hierarchies                                ; Auto               ; Auto               ;
; Resource Aware Inference For Block RAM                                     ; On                 ; On                 ;
; Synthesis Seed                                                             ; 1                  ; 1                  ;
+----------------------------------------------------------------------------+--------------------+--------------------+


+------------------------------------------+
; Parallel Compilation                     ;
+----------------------------+-------------+
; Processors                 ; Number      ;
+----------------------------+-------------+
; Number detected on machine ; 8           ;
; Maximum allowed            ; 8           ;
;                            ;             ;
; Average used               ; 1.00        ;
; Maximum used               ; 8           ;
;                            ;             ;
; Usage by Processor         ; % Time Used ;
;     Processor 1            ; 100.0%      ;
;     Processors 2-8         ; < 0.1%      ;
+----------------------------+-------------+


+----------------------------------------------------------------------------------------------------------------------------------------------------------------------------+
; Analysis & Synthesis Source Files Read                                                                                                                                     ;
+----------------------------------+-----------------+------------------------------------+------------------------------------------------------------------------+---------+
; File Name with User-Entered Path ; Used in Netlist ; File Type                          ; File Name with Absolute Path                                           ; Library ;
+----------------------------------+-----------------+------------------------------------+------------------------------------------------------------------------+---------+
; altpll0.vhd                      ; yes             ; User Wizard-Generated File         ; C:/Users/li007/Desktop/EDAwork/v1.0.3/altpll0.vhd                      ;         ;
; LCD.bdf                          ; yes             ; User Block Diagram/Schematic File  ; C:/Users/li007/Desktop/EDAwork/v1.0.3/LCD.bdf                          ;         ;
; LCDctrol.vhd                     ; yes             ; User VHDL File                     ; C:/Users/li007/Desktop/EDAwork/v1.0.3/LCDctrol.vhd                     ;         ;
; cunchu.vhd                       ; yes             ; User VHDL File                     ; C:/Users/li007/Desktop/EDAwork/v1.0.3/cunchu.vhd                       ;         ;
; Echo.vhd                         ; yes             ; User VHDL File                     ; C:/Users/li007/Desktop/EDAwork/v1.0.3/Echo.vhd                         ;         ;
; output_files/lpm_counter0.vhd    ; yes             ; User Wizard-Generated File         ; C:/Users/li007/Desktop/EDAwork/v1.0.3/output_files/lpm_counter0.vhd    ;         ;
; altpll.tdf                       ; yes             ; Megafunction                       ; d:/altera/13.1/quartus/libraries/megafunctions/altpll.tdf              ;         ;
; aglobal131.inc                   ; yes             ; Megafunction                       ; d:/altera/13.1/quartus/libraries/megafunctions/aglobal131.inc          ;         ;
; stratix_pll.inc                  ; yes             ; Megafunction                       ; d:/altera/13.1/quartus/libraries/megafunctions/stratix_pll.inc         ;         ;
; stratixii_pll.inc                ; yes             ; Megafunction                       ; d:/altera/13.1/quartus/libraries/megafunctions/stratixii_pll.inc       ;         ;
; cycloneii_pll.inc                ; yes             ; Megafunction                       ; d:/altera/13.1/quartus/libraries/megafunctions/cycloneii_pll.inc       ;         ;
; db/altpll0_altpll.v              ; yes             ; Auto-Generated Megafunction        ; C:/Users/li007/Desktop/EDAwork/v1.0.3/db/altpll0_altpll.v              ;         ;
; lpm_counter.tdf                  ; yes             ; Megafunction                       ; d:/altera/13.1/quartus/libraries/megafunctions/lpm_counter.tdf         ;         ;
; lpm_constant.inc                 ; yes             ; Megafunction                       ; d:/altera/13.1/quartus/libraries/megafunctions/lpm_constant.inc        ;         ;
; lpm_decode.inc                   ; yes             ; Megafunction                       ; d:/altera/13.1/quartus/libraries/megafunctions/lpm_decode.inc          ;         ;
; lpm_add_sub.inc                  ; yes             ; Megafunction                       ; d:/altera/13.1/quartus/libraries/megafunctions/lpm_add_sub.inc         ;         ;
; cmpconst.inc                     ; yes             ; Megafunction                       ; d:/altera/13.1/quartus/libraries/megafunctions/cmpconst.inc            ;         ;
; lpm_compare.inc                  ; yes             ; Megafunction                       ; d:/altera/13.1/quartus/libraries/megafunctions/lpm_compare.inc         ;         ;
; lpm_counter.inc                  ; yes             ; Megafunction                       ; d:/altera/13.1/quartus/libraries/megafunctions/lpm_counter.inc         ;         ;
; dffeea.inc                       ; yes             ; Megafunction                       ; d:/altera/13.1/quartus/libraries/megafunctions/dffeea.inc              ;         ;
; alt_counter_stratix.inc          ; yes             ; Megafunction                       ; d:/altera/13.1/quartus/libraries/megafunctions/alt_counter_stratix.inc ;         ;
; db/cntr_coj.tdf                  ; yes             ; Auto-Generated Megafunction        ; C:/Users/li007/Desktop/EDAwork/v1.0.3/db/cntr_coj.tdf                  ;         ;
; db/cmpr_cic.tdf                  ; yes             ; Auto-Generated Megafunction        ; C:/Users/li007/Desktop/EDAwork/v1.0.3/db/cmpr_cic.tdf                  ;         ;
; lpm_mult.tdf                     ; yes             ; Megafunction                       ; d:/altera/13.1/quartus/libraries/megafunctions/lpm_mult.tdf            ;         ;
; multcore.inc                     ; yes             ; Megafunction                       ; d:/altera/13.1/quartus/libraries/megafunctions/multcore.inc            ;         ;
; bypassff.inc                     ; yes             ; Megafunction                       ; d:/altera/13.1/quartus/libraries/megafunctions/bypassff.inc            ;         ;
; altshift.inc                     ; yes             ; Megafunction                       ; d:/altera/13.1/quartus/libraries/megafunctions/altshift.inc            ;         ;
; db/mult_dft.tdf                  ; yes             ; Auto-Generated Megafunction        ; C:/Users/li007/Desktop/EDAwork/v1.0.3/db/mult_dft.tdf                  ;         ;
; lpm_divide.tdf                   ; yes             ; Megafunction                       ; d:/altera/13.1/quartus/libraries/megafunctions/lpm_divide.tdf          ;         ;
; abs_divider.inc                  ; yes             ; Megafunction                       ; d:/altera/13.1/quartus/libraries/megafunctions/abs_divider.inc         ;         ;
; sign_div_unsign.inc              ; yes             ; Megafunction                       ; d:/altera/13.1/quartus/libraries/megafunctions/sign_div_unsign.inc     ;         ;
; db/lpm_divide_kkm.tdf            ; yes             ; Auto-Generated Megafunction        ; C:/Users/li007/Desktop/EDAwork/v1.0.3/db/lpm_divide_kkm.tdf            ;         ;
; db/sign_div_unsign_cnh.tdf       ; yes             ; Auto-Generated Megafunction        ; C:/Users/li007/Desktop/EDAwork/v1.0.3/db/sign_div_unsign_cnh.tdf       ;         ;
; db/alt_u_div_caf.tdf             ; yes             ; Auto-Generated Megafunction        ; C:/Users/li007/Desktop/EDAwork/v1.0.3/db/alt_u_div_caf.tdf             ;         ;
; db/add_sub_7pc.tdf               ; yes             ; Auto-Generated Megafunction        ; C:/Users/li007/Desktop/EDAwork/v1.0.3/db/add_sub_7pc.tdf               ;         ;
; db/add_sub_8pc.tdf               ; yes             ; Auto-Generated Megafunction        ; C:/Users/li007/Desktop/EDAwork/v1.0.3/db/add_sub_8pc.tdf               ;         ;
+----------------------------------+-----------------+------------------------------------+------------------------------------------------------------------------+---------+


+--------------------------------------------------------------+
; Analysis & Synthesis Resource Usage Summary                  ;
+---------------------------------------------+----------------+
; Resource                                    ; Usage          ;
+---------------------------------------------+----------------+
; Estimated Total logic elements              ; 4,205          ;
;                                             ;                ;
; Total combinational functions               ; 2277           ;
; Logic element usage by number of LUT inputs ;                ;
;     -- 4 input functions                    ; 1494           ;
;     -- 3 input functions                    ; 180            ;
;     -- <=2 input functions                  ; 603            ;
;                                             ;                ;
; Logic elements by mode                      ;                ;
;     -- normal mode                          ; 2050           ;
;     -- arithmetic mode                      ; 227            ;
;                                             ;                ;
; Total registers                             ; 2020           ;
;     -- Dedicated logic registers            ; 2020           ;
;     -- I/O registers                        ; 0              ;
;                                             ;                ;
; I/O pins                                    ; 24             ;
; Embedded Multiplier 9-bit elements          ; 3              ;
; Total PLLs                                  ; 1              ;
;     -- PLLs                                 ; 1              ;
;                                             ;                ;
; Maximum fan-out node                        ; Echo_snl~input ;
; Maximum fan-out                             ; 1976           ;
; Total fan-out                               ; 13824          ;
; Average fan-out                             ; 3.18           ;
+---------------------------------------------+----------------+


+----------------------------------------------------------------------------------------------------------------------------------------------------------------------------------------------------------------------------------------------------------------------------------------+
; Analysis & Synthesis Resource Utilization by Entity                                                                                                                                                                                                                                    ;
+-------------------------------------------+-------------------+--------------+-------------+--------------+---------+-----------+------+--------------+-----------------------------------------------------------------------------------------------------------------+--------------+
; Compilation Hierarchy Node                ; LC Combinationals ; LC Registers ; Memory Bits ; DSP Elements ; DSP 9x9 ; DSP 18x18 ; Pins ; Virtual Pins ; Full Hierarchy Name                                                                                             ; Library Name ;
+-------------------------------------------+-------------------+--------------+-------------+--------------+---------+-----------+------+--------------+-----------------------------------------------------------------------------------------------------------------+--------------+
; |LCD                                      ; 2277 (1)          ; 2020 (0)     ; 0           ; 3            ; 1       ; 1         ; 24   ; 0            ; |LCD                                                                                                            ; work         ;
;    |Echo:inst2|                           ; 621 (53)          ; 39 (39)      ; 0           ; 3            ; 1       ; 1         ; 0    ; 0            ; |LCD|Echo:inst2                                                                                                 ; work         ;
;       |lpm_divide:Div0|                   ; 557 (0)           ; 0 (0)        ; 0           ; 0            ; 0       ; 0         ; 0    ; 0            ; |LCD|Echo:inst2|lpm_divide:Div0                                                                                 ; work         ;
;          |lpm_divide_kkm:auto_generated|  ; 557 (0)           ; 0 (0)        ; 0           ; 0            ; 0       ; 0         ; 0    ; 0            ; |LCD|Echo:inst2|lpm_divide:Div0|lpm_divide_kkm:auto_generated                                                   ; work         ;
;             |sign_div_unsign_cnh:divider| ; 557 (0)           ; 0 (0)        ; 0           ; 0            ; 0       ; 0         ; 0    ; 0            ; |LCD|Echo:inst2|lpm_divide:Div0|lpm_divide_kkm:auto_generated|sign_div_unsign_cnh:divider                       ; work         ;
;                |alt_u_div_caf:divider|    ; 557 (557)         ; 0 (0)        ; 0           ; 0            ; 0       ; 0         ; 0    ; 0            ; |LCD|Echo:inst2|lpm_divide:Div0|lpm_divide_kkm:auto_generated|sign_div_unsign_cnh:divider|alt_u_div_caf:divider ; work         ;
;       |lpm_mult:Mult0|                    ; 11 (0)            ; 0 (0)        ; 0           ; 3            ; 1       ; 1         ; 0    ; 0            ; |LCD|Echo:inst2|lpm_mult:Mult0                                                                                  ; work         ;
;          |mult_dft:auto_generated|        ; 11 (11)           ; 0 (0)        ; 0           ; 3            ; 1       ; 1         ; 0    ; 0            ; |LCD|Echo:inst2|lpm_mult:Mult0|mult_dft:auto_generated                                                          ; work         ;
;    |LCDctrol:inst1|                       ; 47 (47)           ; 20 (20)      ; 0           ; 0            ; 0       ; 0         ; 0    ; 0            ; |LCD|LCDctrol:inst1                                                                                             ; work         ;
;    |altpll0:inst|                         ; 0 (0)             ; 0 (0)        ; 0           ; 0            ; 0       ; 0         ; 0    ; 0            ; |LCD|altpll0:inst                                                                                               ; work         ;
;       |altpll:altpll_component|           ; 0 (0)             ; 0 (0)        ; 0           ; 0            ; 0       ; 0         ; 0    ; 0            ; |LCD|altpll0:inst|altpll:altpll_component                                                                       ; work         ;
;          |altpll0_altpll:auto_generated|  ; 0 (0)             ; 0 (0)        ; 0           ; 0            ; 0       ; 0         ; 0    ; 0            ; |LCD|altpll0:inst|altpll:altpll_component|altpll0_altpll:auto_generated                                         ; work         ;
;    |cunchu:inst3|                         ; 1575 (1575)       ; 1937 (1937)  ; 0           ; 0            ; 0       ; 0         ; 0    ; 0            ; |LCD|cunchu:inst3                                                                                               ; work         ;
;    |lpm_counter0:inst4|                   ; 33 (0)            ; 24 (0)       ; 0           ; 0            ; 0       ; 0         ; 0    ; 0            ; |LCD|lpm_counter0:inst4                                                                                         ; work         ;
;       |lpm_counter:LPM_COUNTER_component| ; 33 (0)            ; 24 (0)       ; 0           ; 0            ; 0       ; 0         ; 0    ; 0            ; |LCD|lpm_counter0:inst4|lpm_counter:LPM_COUNTER_component                                                       ; work         ;
;          |cntr_coj:auto_generated|        ; 33 (26)           ; 24 (24)      ; 0           ; 0            ; 0       ; 0         ; 0    ; 0            ; |LCD|lpm_counter0:inst4|lpm_counter:LPM_COUNTER_component|cntr_coj:auto_generated                               ; work         ;
;             |cmpr_cic:cmpr1|              ; 7 (7)             ; 0 (0)        ; 0           ; 0            ; 0       ; 0         ; 0    ; 0            ; |LCD|lpm_counter0:inst4|lpm_counter:LPM_COUNTER_component|cntr_coj:auto_generated|cmpr_cic:cmpr1                ; work         ;
+-------------------------------------------+-------------------+--------------+-------------+--------------+---------+-----------+------+--------------+-----------------------------------------------------------------------------------------------------------------+--------------+
Note: For table entries with two numbers listed, the numbers in parentheses indicate the number of resources of the given type used by the specific entity alone. The numbers listed outside of parentheses indicate the total resources of the given type used by the specific entity and all of its sub-entities in the hierarchy.


+-----------------------------------------------------+
; Analysis & Synthesis DSP Block Usage Summary        ;
+---------------------------------------+-------------+
; Statistic                             ; Number Used ;
+---------------------------------------+-------------+
; Simple Multipliers (9-bit)            ; 1           ;
; Simple Multipliers (18-bit)           ; 1           ;
; Embedded Multiplier Blocks            ; --          ;
; Embedded Multiplier 9-bit elements    ; 3           ;
; Signed Embedded Multipliers           ; 0           ;
; Unsigned Embedded Multipliers         ; 2           ;
; Mixed Sign Embedded Multipliers       ; 0           ;
; Variable Sign Embedded Multipliers    ; 0           ;
; Dedicated Input Shift Register Chains ; 0           ;
+---------------------------------------+-------------+
Note: number of Embedded Multiplier Blocks used is only available after a successful fit.


+---------------------------------------------------------------------------------------------------------------------------------------------------------------+
; Analysis & Synthesis IP Cores Summary                                                                                                                         ;
+--------+--------------+---------+--------------+--------------+-------------------------+---------------------------------------------------------------------+
; Vendor ; IP Core Name ; Version ; Release Date ; License Type ; Entity Instance         ; IP Include File                                                     ;
+--------+--------------+---------+--------------+--------------+-------------------------+---------------------------------------------------------------------+
; Altera ; ALTPLL       ; 13.1    ; N/A          ; N/A          ; |LCD|altpll0:inst       ; C:/Users/li007/Desktop/EDAwork/v1.0.3/altpll0.vhd                   ;
; Altera ; LPM_COUNTER  ; 13.1    ; N/A          ; N/A          ; |LCD|lpm_counter0:inst4 ; C:/Users/li007/Desktop/EDAwork/v1.0.3/output_files/lpm_counter0.vhd ;
+--------+--------------+---------+--------------+--------------+-------------------------+---------------------------------------------------------------------+


+-------------------------------------------------------------------------------------------------------+
; User-Specified and Inferred Latches                                                                   ;
+-----------------------------------------------------+------------------------+------------------------+
; Latch Name                                          ; Latch Enable Signal    ; Free of Timing Hazards ;
+-----------------------------------------------------+------------------------+------------------------+
; LCDctrol:inst1|DATAAA[15]                           ; LCDctrol:inst1|OUTDADA ; yes                    ;
; LCDctrol:inst1|DATAAA[14]                           ; LCDctrol:inst1|OUTDADA ; yes                    ;
; LCDctrol:inst1|DATAAA[13]                           ; LCDctrol:inst1|OUTDADA ; yes                    ;
; LCDctrol:inst1|DATAAA[12]                           ; LCDctrol:inst1|OUTDADA ; yes                    ;
; LCDctrol:inst1|DATAAA[11]                           ; LCDctrol:inst1|OUTDADA ; yes                    ;
; LCDctrol:inst1|DATAAA[10]                           ; LCDctrol:inst1|OUTDADA ; yes                    ;
; LCDctrol:inst1|DATAAA[9]                            ; LCDctrol:inst1|OUTDADA ; yes                    ;
; LCDctrol:inst1|DATAAA[8]                            ; LCDctrol:inst1|OUTDADA ; yes                    ;
; LCDctrol:inst1|DATAAA[7]                            ; LCDctrol:inst1|OUTDADA ; yes                    ;
; LCDctrol:inst1|DATAAA[6]                            ; LCDctrol:inst1|OUTDADA ; yes                    ;
; LCDctrol:inst1|DATAAA[5]                            ; LCDctrol:inst1|OUTDADA ; yes                    ;
; LCDctrol:inst1|DATAAA[4]                            ; LCDctrol:inst1|OUTDADA ; yes                    ;
; LCDctrol:inst1|DATAAA[3]                            ; LCDctrol:inst1|OUTDADA ; yes                    ;
; LCDctrol:inst1|DATAAA[2]                            ; LCDctrol:inst1|OUTDADA ; yes                    ;
; LCDctrol:inst1|DATAAA[1]                            ; LCDctrol:inst1|OUTDADA ; yes                    ;
; LCDctrol:inst1|DATAAA[0]                            ; LCDctrol:inst1|OUTDADA ; yes                    ;
; Number of user-specified and inferred latches = 16  ;                        ;                        ;
+-----------------------------------------------------+------------------------+------------------------+
Note: All latches listed above may not be present at the end of synthesis due to various synthesis optimizations.


+--------------------------------------------------------------------------------+
; Registers Removed During Synthesis                                             ;
+---------------------------------------+----------------------------------------+
; Register name                         ; Reason for Removal                     ;
+---------------------------------------+----------------------------------------+
; Echo:inst2|QQ[19]                     ; Stuck at GND due to stuck port data_in ;
; Total Number of Removed Registers = 1 ;                                        ;
+---------------------------------------+----------------------------------------+


+------------------------------------------------------+
; General Register Statistics                          ;
+----------------------------------------------+-------+
; Statistic                                    ; Value ;
+----------------------------------------------+-------+
; Total registers                              ; 2020  ;
; Number of registers using Synchronous Clear  ; 27    ;
; Number of registers using Synchronous Load   ; 24    ;
; Number of registers using Asynchronous Clear ; 57    ;
; Number of registers using Asynchronous Load  ; 0     ;
; Number of registers using Clock Enable       ; 1928  ;
; Number of registers using Preset             ; 0     ;
+----------------------------------------------+-------+


+-----------------------------------------------------------------------------------+
; Parameter Settings for User Entity Instance: altpll0:inst|altpll:altpll_component ;
+-------------------------------+---------------------------+-----------------------+
; Parameter Name                ; Value                     ; Type                  ;
+-------------------------------+---------------------------+-----------------------+
; OPERATION_MODE                ; NORMAL                    ; Untyped               ;
; PLL_TYPE                      ; AUTO                      ; Untyped               ;
; LPM_HINT                      ; CBX_MODULE_PREFIX=altpll0 ; Untyped               ;
; QUALIFY_CONF_DONE             ; OFF                       ; Untyped               ;
; COMPENSATE_CLOCK              ; CLK0                      ; Untyped               ;
; SCAN_CHAIN                    ; LONG                      ; Untyped               ;
; PRIMARY_CLOCK                 ; INCLK0                    ; Untyped               ;
; INCLK0_INPUT_FREQUENCY        ; 40000                     ; Signed Integer        ;
; INCLK1_INPUT_FREQUENCY        ; 0                         ; Untyped               ;
; GATE_LOCK_SIGNAL              ; NO                        ; Untyped               ;
; GATE_LOCK_COUNTER             ; 0                         ; Untyped               ;
; LOCK_HIGH                     ; 1                         ; Untyped               ;
; LOCK_LOW                      ; 1                         ; Untyped               ;
; VALID_LOCK_MULTIPLIER         ; 1                         ; Untyped               ;
; INVALID_LOCK_MULTIPLIER       ; 5                         ; Untyped               ;
; SWITCH_OVER_ON_LOSSCLK        ; OFF                       ; Untyped               ;
; SWITCH_OVER_ON_GATED_LOCK     ; OFF                       ; Untyped               ;
; ENABLE_SWITCH_OVER_COUNTER    ; OFF                       ; Untyped               ;
; SKIP_VCO                      ; OFF                       ; Untyped               ;
; SWITCH_OVER_COUNTER           ; 0                         ; Untyped               ;
; SWITCH_OVER_TYPE              ; AUTO                      ; Untyped               ;
; FEEDBACK_SOURCE               ; EXTCLK0                   ; Untyped               ;
; BANDWIDTH                     ; 0                         ; Untyped               ;
; BANDWIDTH_TYPE                ; AUTO                      ; Untyped               ;
; SPREAD_FREQUENCY              ; 0                         ; Untyped               ;
; DOWN_SPREAD                   ; 0                         ; Untyped               ;
; SELF_RESET_ON_GATED_LOSS_LOCK ; OFF                       ; Untyped               ;
; SELF_RESET_ON_LOSS_LOCK       ; OFF                       ; Untyped               ;
; CLK9_MULTIPLY_BY              ; 0                         ; Untyped               ;
; CLK8_MULTIPLY_BY              ; 0                         ; Untyped               ;
; CLK7_MULTIPLY_BY              ; 0                         ; Untyped               ;
; CLK6_MULTIPLY_BY              ; 0                         ; Untyped               ;
; CLK5_MULTIPLY_BY              ; 1                         ; Untyped               ;
; CLK4_MULTIPLY_BY              ; 1                         ; Untyped               ;
; CLK3_MULTIPLY_BY              ; 1                         ; Untyped               ;
; CLK2_MULTIPLY_BY              ; 1                         ; Signed Integer        ;
; CLK1_MULTIPLY_BY              ; 1                         ; Signed Integer        ;
; CLK0_MULTIPLY_BY              ; 1                         ; Signed Integer        ;
; CLK9_DIVIDE_BY                ; 0                         ; Untyped               ;
; CLK8_DIVIDE_BY                ; 0                         ; Untyped               ;
; CLK7_DIVIDE_BY                ; 0                         ; Untyped               ;
; CLK6_DIVIDE_BY                ; 0                         ; Untyped               ;
; CLK5_DIVIDE_BY                ; 1                         ; Untyped               ;
; CLK4_DIVIDE_BY                ; 1                         ; Untyped               ;
; CLK3_DIVIDE_BY                ; 1                         ; Untyped               ;
; CLK2_DIVIDE_BY                ; 100                       ; Signed Integer        ;
; CLK1_DIVIDE_BY                ; 25                        ; Signed Integer        ;
; CLK0_DIVIDE_BY                ; 4                         ; Signed Integer        ;
; CLK9_PHASE_SHIFT              ; 0                         ; Untyped               ;
; CLK8_PHASE_SHIFT              ; 0                         ; Untyped               ;
; CLK7_PHASE_SHIFT              ; 0                         ; Untyped               ;
; CLK6_PHASE_SHIFT              ; 0                         ; Untyped               ;
; CLK5_PHASE_SHIFT              ; 0                         ; Untyped               ;
; CLK4_PHASE_SHIFT              ; 0                         ; Untyped               ;
; CLK3_PHASE_SHIFT              ; 0                         ; Untyped               ;
; CLK2_PHASE_SHIFT              ; 0                         ; Untyped               ;
; CLK1_PHASE_SHIFT              ; 0                         ; Untyped               ;
; CLK0_PHASE_SHIFT              ; 0                         ; Untyped               ;
; CLK5_TIME_DELAY               ; 0                         ; Untyped               ;
; CLK4_TIME_DELAY               ; 0                         ; Untyped               ;
; CLK3_TIME_DELAY               ; 0                         ; Untyped               ;
; CLK2_TIME_DELAY               ; 0                         ; Untyped               ;
; CLK1_TIME_DELAY               ; 0                         ; Untyped               ;
; CLK0_TIME_DELAY               ; 0                         ; Untyped               ;
; CLK9_DUTY_CYCLE               ; 50                        ; Untyped               ;
; CLK8_DUTY_CYCLE               ; 50                        ; Untyped               ;
; CLK7_DUTY_CYCLE               ; 50                        ; Untyped               ;
; CLK6_DUTY_CYCLE               ; 50                        ; Untyped               ;
; CLK5_DUTY_CYCLE               ; 50                        ; Untyped               ;
; CLK4_DUTY_CYCLE               ; 50                        ; Untyped               ;
; CLK3_DUTY_CYCLE               ; 50                        ; Untyped               ;
; CLK2_DUTY_CYCLE               ; 50                        ; Signed Integer        ;
; CLK1_DUTY_CYCLE               ; 50                        ; Signed Integer        ;
; CLK0_DUTY_CYCLE               ; 50                        ; Signed Integer        ;
; CLK9_USE_EVEN_COUNTER_MODE    ; OFF                       ; Untyped               ;
; CLK8_USE_EVEN_COUNTER_MODE    ; OFF                       ; Untyped               ;
; CLK7_USE_EVEN_COUNTER_MODE    ; OFF                       ; Untyped               ;
; CLK6_USE_EVEN_COUNTER_MODE    ; OFF                       ; Untyped               ;
; CLK5_USE_EVEN_COUNTER_MODE    ; OFF                       ; Untyped               ;
; CLK4_USE_EVEN_COUNTER_MODE    ; OFF                       ; Untyped               ;
; CLK3_USE_EVEN_COUNTER_MODE    ; OFF                       ; Untyped               ;
; CLK2_USE_EVEN_COUNTER_MODE    ; OFF                       ; Untyped               ;
; CLK1_USE_EVEN_COUNTER_MODE    ; OFF                       ; Untyped               ;
; CLK0_USE_EVEN_COUNTER_MODE    ; OFF                       ; Untyped               ;
; CLK9_USE_EVEN_COUNTER_VALUE   ; OFF                       ; Untyped               ;
; CLK8_USE_EVEN_COUNTER_VALUE   ; OFF                       ; Untyped               ;
; CLK7_USE_EVEN_COUNTER_VALUE   ; OFF                       ; Untyped               ;
; CLK6_USE_EVEN_COUNTER_VALUE   ; OFF                       ; Untyped               ;
; CLK5_USE_EVEN_COUNTER_VALUE   ; OFF                       ; Untyped               ;
; CLK4_USE_EVEN_COUNTER_VALUE   ; OFF                       ; Untyped               ;
; CLK3_USE_EVEN_COUNTER_VALUE   ; OFF                       ; Untyped               ;
; CLK2_USE_EVEN_COUNTER_VALUE   ; OFF                       ; Untyped               ;
; CLK1_USE_EVEN_COUNTER_VALUE   ; OFF                       ; Untyped               ;
; CLK0_USE_EVEN_COUNTER_VALUE   ; OFF                       ; Untyped               ;
; LOCK_WINDOW_UI                ;  0.05                     ; Untyped               ;
; LOCK_WINDOW_UI_BITS           ; UNUSED                    ; Untyped               ;
; VCO_RANGE_DETECTOR_LOW_BITS   ; UNUSED                    ; Untyped               ;
; VCO_RANGE_DETECTOR_HIGH_BITS  ; UNUSED                    ; Untyped               ;
; DPA_MULTIPLY_BY               ; 0                         ; Untyped               ;
; DPA_DIVIDE_BY                 ; 1                         ; Untyped               ;
; DPA_DIVIDER                   ; 0                         ; Untyped               ;
; EXTCLK3_MULTIPLY_BY           ; 1                         ; Untyped               ;
; EXTCLK2_MULTIPLY_BY           ; 1                         ; Untyped               ;
; EXTCLK1_MULTIPLY_BY           ; 1                         ; Untyped               ;
; EXTCLK0_MULTIPLY_BY           ; 1                         ; Untyped               ;
; EXTCLK3_DIVIDE_BY             ; 1                         ; Untyped               ;
; EXTCLK2_DIVIDE_BY             ; 1                         ; Untyped               ;
; EXTCLK1_DIVIDE_BY             ; 1                         ; Untyped               ;
; EXTCLK0_DIVIDE_BY             ; 1                         ; Untyped               ;
; EXTCLK3_PHASE_SHIFT           ; 0                         ; Untyped               ;
; EXTCLK2_PHASE_SHIFT           ; 0                         ; Untyped               ;
; EXTCLK1_PHASE_SHIFT           ; 0                         ; Untyped               ;
; EXTCLK0_PHASE_SHIFT           ; 0                         ; Untyped               ;
; EXTCLK3_TIME_DELAY            ; 0                         ; Untyped               ;
; EXTCLK2_TIME_DELAY            ; 0                         ; Untyped               ;
; EXTCLK1_TIME_DELAY            ; 0                         ; Untyped               ;
; EXTCLK0_TIME_DELAY            ; 0                         ; Untyped               ;
; EXTCLK3_DUTY_CYCLE            ; 50                        ; Untyped               ;
; EXTCLK2_DUTY_CYCLE            ; 50                        ; Untyped               ;
; EXTCLK1_DUTY_CYCLE            ; 50                        ; Untyped               ;
; EXTCLK0_DUTY_CYCLE            ; 50                        ; Untyped               ;
; VCO_MULTIPLY_BY               ; 0                         ; Untyped               ;
; VCO_DIVIDE_BY                 ; 0                         ; Untyped               ;
; SCLKOUT0_PHASE_SHIFT          ; 0                         ; Untyped               ;
; SCLKOUT1_PHASE_SHIFT          ; 0                         ; Untyped               ;
; VCO_MIN                       ; 0                         ; Untyped               ;
; VCO_MAX                       ; 0                         ; Untyped               ;
; VCO_CENTER                    ; 0                         ; Untyped               ;
; PFD_MIN                       ; 0                         ; Untyped               ;
; PFD_MAX                       ; 0                         ; Untyped               ;
; M_INITIAL                     ; 0                         ; Untyped               ;
; M                             ; 0                         ; Untyped               ;
; N                             ; 1                         ; Untyped               ;
; M2                            ; 1                         ; Untyped               ;
; N2                            ; 1                         ; Untyped               ;
; SS                            ; 1                         ; Untyped               ;
; C0_HIGH                       ; 0                         ; Untyped               ;
; C1_HIGH                       ; 0                         ; Untyped               ;
; C2_HIGH                       ; 0                         ; Untyped               ;
; C3_HIGH                       ; 0                         ; Untyped               ;
; C4_HIGH                       ; 0                         ; Untyped               ;
; C5_HIGH                       ; 0                         ; Untyped               ;
; C6_HIGH                       ; 0                         ; Untyped               ;
; C7_HIGH                       ; 0                         ; Untyped               ;
; C8_HIGH                       ; 0                         ; Untyped               ;
; C9_HIGH                       ; 0                         ; Untyped               ;
; C0_LOW                        ; 0                         ; Untyped               ;
; C1_LOW                        ; 0                         ; Untyped               ;
; C2_LOW                        ; 0                         ; Untyped               ;
; C3_LOW                        ; 0                         ; Untyped               ;
; C4_LOW                        ; 0                         ; Untyped               ;
; C5_LOW                        ; 0                         ; Untyped               ;
; C6_LOW                        ; 0                         ; Untyped               ;
; C7_LOW                        ; 0                         ; Untyped               ;
; C8_LOW                        ; 0                         ; Untyped               ;
; C9_LOW                        ; 0                         ; Untyped               ;
; C0_INITIAL                    ; 0                         ; Untyped               ;
; C1_INITIAL                    ; 0                         ; Untyped               ;
; C2_INITIAL                    ; 0                         ; Untyped               ;
; C3_INITIAL                    ; 0                         ; Untyped               ;
; C4_INITIAL                    ; 0                         ; Untyped               ;
; C5_INITIAL                    ; 0                         ; Untyped               ;
; C6_INITIAL                    ; 0                         ; Untyped               ;
; C7_INITIAL                    ; 0                         ; Untyped               ;
; C8_INITIAL                    ; 0                         ; Untyped               ;
; C9_INITIAL                    ; 0                         ; Untyped               ;
; C0_MODE                       ; BYPASS                    ; Untyped               ;
; C1_MODE                       ; BYPASS                    ; Untyped               ;
; C2_MODE                       ; BYPASS                    ; Untyped               ;
; C3_MODE                       ; BYPASS                    ; Untyped               ;
; C4_MODE                       ; BYPASS                    ; Untyped               ;
; C5_MODE                       ; BYPASS                    ; Untyped               ;
; C6_MODE                       ; BYPASS                    ; Untyped               ;
; C7_MODE                       ; BYPASS                    ; Untyped               ;
; C8_MODE                       ; BYPASS                    ; Untyped               ;
; C9_MODE                       ; BYPASS                    ; Untyped               ;
; C0_PH                         ; 0                         ; Untyped               ;
; C1_PH                         ; 0                         ; Untyped               ;
; C2_PH                         ; 0                         ; Untyped               ;
; C3_PH                         ; 0                         ; Untyped               ;
; C4_PH                         ; 0                         ; Untyped               ;
; C5_PH                         ; 0                         ; Untyped               ;
; C6_PH                         ; 0                         ; Untyped               ;
; C7_PH                         ; 0                         ; Untyped               ;
; C8_PH                         ; 0                         ; Untyped               ;
; C9_PH                         ; 0                         ; Untyped               ;
; L0_HIGH                       ; 1                         ; Untyped               ;
; L1_HIGH                       ; 1                         ; Untyped               ;
; G0_HIGH                       ; 1                         ; Untyped               ;
; G1_HIGH                       ; 1                         ; Untyped               ;
; G2_HIGH                       ; 1                         ; Untyped               ;
; G3_HIGH                       ; 1                         ; Untyped               ;
; E0_HIGH                       ; 1                         ; Untyped               ;
; E1_HIGH                       ; 1                         ; Untyped               ;
; E2_HIGH                       ; 1                         ; Untyped               ;
; E3_HIGH                       ; 1                         ; Untyped               ;
; L0_LOW                        ; 1                         ; Untyped               ;
; L1_LOW                        ; 1                         ; Untyped               ;
; G0_LOW                        ; 1                         ; Untyped               ;
; G1_LOW                        ; 1                         ; Untyped               ;
; G2_LOW                        ; 1                         ; Untyped               ;
; G3_LOW                        ; 1                         ; Untyped               ;
; E0_LOW                        ; 1                         ; Untyped               ;
; E1_LOW                        ; 1                         ; Untyped               ;
; E2_LOW                        ; 1                         ; Untyped               ;
; E3_LOW                        ; 1                         ; Untyped               ;
; L0_INITIAL                    ; 1                         ; Untyped               ;
; L1_INITIAL                    ; 1                         ; Untyped               ;
; G0_INITIAL                    ; 1                         ; Untyped               ;
; G1_INITIAL                    ; 1                         ; Untyped               ;
; G2_INITIAL                    ; 1                         ; Untyped               ;
; G3_INITIAL                    ; 1                         ; Untyped               ;
; E0_INITIAL                    ; 1                         ; Untyped               ;
; E1_INITIAL                    ; 1                         ; Untyped               ;
; E2_INITIAL                    ; 1                         ; Untyped               ;
; E3_INITIAL                    ; 1                         ; Untyped               ;
; L0_MODE                       ; BYPASS                    ; Untyped               ;
; L1_MODE                       ; BYPASS                    ; Untyped               ;
; G0_MODE                       ; BYPASS                    ; Untyped               ;
; G1_MODE                       ; BYPASS                    ; Untyped               ;
; G2_MODE                       ; BYPASS                    ; Untyped               ;
; G3_MODE                       ; BYPASS                    ; Untyped               ;
; E0_MODE                       ; BYPASS                    ; Untyped               ;
; E1_MODE                       ; BYPASS                    ; Untyped               ;
; E2_MODE                       ; BYPASS                    ; Untyped               ;
; E3_MODE                       ; BYPASS                    ; Untyped               ;
; L0_PH                         ; 0                         ; Untyped               ;
; L1_PH                         ; 0                         ; Untyped               ;
; G0_PH                         ; 0                         ; Untyped               ;
; G1_PH                         ; 0                         ; Untyped               ;
; G2_PH                         ; 0                         ; Untyped               ;
; G3_PH                         ; 0                         ; Untyped               ;
; E0_PH                         ; 0                         ; Untyped               ;
; E1_PH                         ; 0                         ; Untyped               ;
; E2_PH                         ; 0                         ; Untyped               ;
; E3_PH                         ; 0                         ; Untyped               ;
; M_PH                          ; 0                         ; Untyped               ;
; C1_USE_CASC_IN                ; OFF                       ; Untyped               ;
; C2_USE_CASC_IN                ; OFF                       ; Untyped               ;
; C3_USE_CASC_IN                ; OFF                       ; Untyped               ;
; C4_USE_CASC_IN                ; OFF                       ; Untyped               ;
; C5_USE_CASC_IN                ; OFF                       ; Untyped               ;
; C6_USE_CASC_IN                ; OFF                       ; Untyped               ;
; C7_USE_CASC_IN                ; OFF                       ; Untyped               ;
; C8_USE_CASC_IN                ; OFF                       ; Untyped               ;
; C9_USE_CASC_IN                ; OFF                       ; Untyped               ;
; CLK0_COUNTER                  ; G0                        ; Untyped               ;
; CLK1_COUNTER                  ; G0                        ; Untyped               ;
; CLK2_COUNTER                  ; G0                        ; Untyped               ;
; CLK3_COUNTER                  ; G0                        ; Untyped               ;
; CLK4_COUNTER                  ; G0                        ; Untyped               ;
; CLK5_COUNTER                  ; G0                        ; Untyped               ;
; CLK6_COUNTER                  ; E0                        ; Untyped               ;
; CLK7_COUNTER                  ; E1                        ; Untyped               ;
; CLK8_COUNTER                  ; E2                        ; Untyped               ;
; CLK9_COUNTER                  ; E3                        ; Untyped               ;
; L0_TIME_DELAY                 ; 0                         ; Untyped               ;
; L1_TIME_DELAY                 ; 0                         ; Untyped               ;
; G0_TIME_DELAY                 ; 0                         ; Untyped               ;
; G1_TIME_DELAY                 ; 0                         ; Untyped               ;
; G2_TIME_DELAY                 ; 0                         ; Untyped               ;
; G3_TIME_DELAY                 ; 0                         ; Untyped               ;
; E0_TIME_DELAY                 ; 0                         ; Untyped               ;
; E1_TIME_DELAY                 ; 0                         ; Untyped               ;
; E2_TIME_DELAY                 ; 0                         ; Untyped               ;
; E3_TIME_DELAY                 ; 0                         ; Untyped               ;
; M_TIME_DELAY                  ; 0                         ; Untyped               ;
; N_TIME_DELAY                  ; 0                         ; Untyped               ;
; EXTCLK3_COUNTER               ; E3                        ; Untyped               ;
; EXTCLK2_COUNTER               ; E2                        ; Untyped               ;
; EXTCLK1_COUNTER               ; E1                        ; Untyped               ;
; EXTCLK0_COUNTER               ; E0                        ; Untyped               ;
; ENABLE0_COUNTER               ; L0                        ; Untyped               ;
; ENABLE1_COUNTER               ; L0                        ; Untyped               ;
; CHARGE_PUMP_CURRENT           ; 2                         ; Untyped               ;
; LOOP_FILTER_R                 ;  1.000000                 ; Untyped               ;
; LOOP_FILTER_C                 ; 5                         ; Untyped               ;
; CHARGE_PUMP_CURRENT_BITS      ; 9999                      ; Untyped               ;
; LOOP_FILTER_R_BITS            ; 9999                      ; Untyped               ;
; LOOP_FILTER_C_BITS            ; 9999                      ; Untyped               ;
; VCO_POST_SCALE                ; 0                         ; Untyped               ;
; CLK2_OUTPUT_FREQUENCY         ; 0                         ; Untyped               ;
; CLK1_OUTPUT_FREQUENCY         ; 0                         ; Untyped               ;
; CLK0_OUTPUT_FREQUENCY         ; 0                         ; Untyped               ;
; INTENDED_DEVICE_FAMILY        ; Cyclone IV E              ; Untyped               ;
; PORT_CLKENA0                  ; PORT_UNUSED               ; Untyped               ;
; PORT_CLKENA1                  ; PORT_UNUSED               ; Untyped               ;
; PORT_CLKENA2                  ; PORT_UNUSED               ; Untyped               ;
; PORT_CLKENA3                  ; PORT_UNUSED               ; Untyped               ;
; PORT_CLKENA4                  ; PORT_UNUSED               ; Untyped               ;
; PORT_CLKENA5                  ; PORT_UNUSED               ; Untyped               ;
; PORT_EXTCLKENA0               ; PORT_CONNECTIVITY         ; Untyped               ;
; PORT_EXTCLKENA1               ; PORT_CONNECTIVITY         ; Untyped               ;
; PORT_EXTCLKENA2               ; PORT_CONNECTIVITY         ; Untyped               ;
; PORT_EXTCLKENA3               ; PORT_CONNECTIVITY         ; Untyped               ;
; PORT_EXTCLK0                  ; PORT_UNUSED               ; Untyped               ;
; PORT_EXTCLK1                  ; PORT_UNUSED               ; Untyped               ;
; PORT_EXTCLK2                  ; PORT_UNUSED               ; Untyped               ;
; PORT_EXTCLK3                  ; PORT_UNUSED               ; Untyped               ;
; PORT_CLKBAD0                  ; PORT_UNUSED               ; Untyped               ;
; PORT_CLKBAD1                  ; PORT_UNUSED               ; Untyped               ;
; PORT_CLK0                     ; PORT_USED                 ; Untyped               ;
; PORT_CLK1                     ; PORT_USED                 ; Untyped               ;
; PORT_CLK2                     ; PORT_USED                 ; Untyped               ;
; PORT_CLK3                     ; PORT_UNUSED               ; Untyped               ;
; PORT_CLK4                     ; PORT_UNUSED               ; Untyped               ;
; PORT_CLK5                     ; PORT_UNUSED               ; Untyped               ;
; PORT_CLK6                     ; PORT_UNUSED               ; Untyped               ;
; PORT_CLK7                     ; PORT_UNUSED               ; Untyped               ;
; PORT_CLK8                     ; PORT_UNUSED               ; Untyped               ;
; PORT_CLK9                     ; PORT_UNUSED               ; Untyped               ;
; PORT_SCANDATA                 ; PORT_UNUSED               ; Untyped               ;
; PORT_SCANDATAOUT              ; PORT_UNUSED               ; Untyped               ;
; PORT_SCANDONE                 ; PORT_UNUSED               ; Untyped               ;
; PORT_SCLKOUT1                 ; PORT_CONNECTIVITY         ; Untyped               ;
; PORT_SCLKOUT0                 ; PORT_CONNECTIVITY         ; Untyped               ;
; PORT_ACTIVECLOCK              ; PORT_UNUSED               ; Untyped               ;
; PORT_CLKLOSS                  ; PORT_UNUSED               ; Untyped               ;
; PORT_INCLK1                   ; PORT_UNUSED               ; Untyped               ;
; PORT_INCLK0                   ; PORT_USED                 ; Untyped               ;
; PORT_FBIN                     ; PORT_UNUSED               ; Untyped               ;
; PORT_PLLENA                   ; PORT_UNUSED               ; Untyped               ;
; PORT_CLKSWITCH                ; PORT_UNUSED               ; Untyped               ;
; PORT_ARESET                   ; PORT_USED                 ; Untyped               ;
; PORT_PFDENA                   ; PORT_UNUSED               ; Untyped               ;
; PORT_SCANCLK                  ; PORT_UNUSED               ; Untyped               ;
; PORT_SCANACLR                 ; PORT_UNUSED               ; Untyped               ;
; PORT_SCANREAD                 ; PORT_UNUSED               ; Untyped               ;
; PORT_SCANWRITE                ; PORT_UNUSED               ; Untyped               ;
; PORT_ENABLE0                  ; PORT_CONNECTIVITY         ; Untyped               ;
; PORT_ENABLE1                  ; PORT_CONNECTIVITY         ; Untyped               ;
; PORT_LOCKED                   ; PORT_USED                 ; Untyped               ;
; PORT_CONFIGUPDATE             ; PORT_UNUSED               ; Untyped               ;
; PORT_FBOUT                    ; PORT_CONNECTIVITY         ; Untyped               ;
; PORT_PHASEDONE                ; PORT_UNUSED               ; Untyped               ;
; PORT_PHASESTEP                ; PORT_UNUSED               ; Untyped               ;
; PORT_PHASEUPDOWN              ; PORT_UNUSED               ; Untyped               ;
; PORT_SCANCLKENA               ; PORT_UNUSED               ; Untyped               ;
; PORT_PHASECOUNTERSELECT       ; PORT_UNUSED               ; Untyped               ;
; PORT_VCOOVERRANGE             ; PORT_CONNECTIVITY         ; Untyped               ;
; PORT_VCOUNDERRANGE            ; PORT_CONNECTIVITY         ; Untyped               ;
; M_TEST_SOURCE                 ; 5                         ; Untyped               ;
; C0_TEST_SOURCE                ; 5                         ; Untyped               ;
; C1_TEST_SOURCE                ; 5                         ; Untyped               ;
; C2_TEST_SOURCE                ; 5                         ; Untyped               ;
; C3_TEST_SOURCE                ; 5                         ; Untyped               ;
; C4_TEST_SOURCE                ; 5                         ; Untyped               ;
; C5_TEST_SOURCE                ; 5                         ; Untyped               ;
; C6_TEST_SOURCE                ; 5                         ; Untyped               ;
; C7_TEST_SOURCE                ; 5                         ; Untyped               ;
; C8_TEST_SOURCE                ; 5                         ; Untyped               ;
; C9_TEST_SOURCE                ; 5                         ; Untyped               ;
; CBXI_PARAMETER                ; altpll0_altpll            ; Untyped               ;
; VCO_FREQUENCY_CONTROL         ; AUTO                      ; Untyped               ;
; VCO_PHASE_SHIFT_STEP          ; 0                         ; Untyped               ;
; WIDTH_CLOCK                   ; 5                         ; Signed Integer        ;
; WIDTH_PHASECOUNTERSELECT      ; 4                         ; Untyped               ;
; USING_FBMIMICBIDIR_PORT       ; OFF                       ; Untyped               ;
; DEVICE_FAMILY                 ; Cyclone IV E              ; Untyped               ;
; SCAN_CHAIN_MIF_FILE           ; UNUSED                    ; Untyped               ;
; SIM_GATE_LOCK_DEVICE_BEHAVIOR ; OFF                       ; Untyped               ;
; AUTO_CARRY_CHAINS             ; ON                        ; AUTO_CARRY            ;
; IGNORE_CARRY_BUFFERS          ; OFF                       ; IGNORE_CARRY          ;
; AUTO_CASCADE_CHAINS           ; ON                        ; AUTO_CASCADE          ;
; IGNORE_CASCADE_BUFFERS        ; OFF                       ; IGNORE_CASCADE        ;
+-------------------------------+---------------------------+-----------------------+
Note: In order to hide this table in the UI and the text report file, please set the "Show Parameter Settings in Synthesis Report" option in "Analysis and Synthesis Settings -> More Settings" to "Off".


+---------------------------------------------------------------------------------------------------+
; Parameter Settings for User Entity Instance: lpm_counter0:inst4|lpm_counter:LPM_COUNTER_component ;
+------------------------+--------------+-----------------------------------------------------------+
; Parameter Name         ; Value        ; Type                                                      ;
+------------------------+--------------+-----------------------------------------------------------+
; AUTO_CARRY_CHAINS      ; ON           ; AUTO_CARRY                                                ;
; IGNORE_CARRY_BUFFERS   ; OFF          ; IGNORE_CARRY                                              ;
; AUTO_CASCADE_CHAINS    ; ON           ; AUTO_CASCADE                                              ;
; IGNORE_CASCADE_BUFFERS ; OFF          ; IGNORE_CASCADE                                            ;
; LPM_WIDTH              ; 24           ; Signed Integer                                            ;
; LPM_DIRECTION          ; UP           ; Untyped                                                   ;
; LPM_MODULUS            ; 2500         ; Signed Integer                                            ;
; LPM_AVALUE             ; UNUSED       ; Untyped                                                   ;
; LPM_SVALUE             ; UNUSED       ; Untyped                                                   ;
; LPM_PORT_UPDOWN        ; PORT_UNUSED  ; Untyped                                                   ;
; DEVICE_FAMILY          ; Cyclone IV E ; Untyped                                                   ;
; CARRY_CHAIN            ; MANUAL       ; Untyped                                                   ;
; CARRY_CHAIN_LENGTH     ; 48           ; CARRY_CHAIN_LENGTH                                        ;
; NOT_GATE_PUSH_BACK     ; ON           ; NOT_GATE_PUSH_BACK                                        ;
; CARRY_CNT_EN           ; SMART        ; Untyped                                                   ;
; LABWIDE_SCLR           ; ON           ; Untyped                                                   ;
; USE_NEW_VERSION        ; TRUE         ; Untyped                                                   ;
; CBXI_PARAMETER         ; cntr_coj     ; Untyped                                                   ;
+------------------------+--------------+-----------------------------------------------------------+
Note: In order to hide this table in the UI and the text report file, please set the "Show Parameter Settings in Synthesis Report" option in "Analysis and Synthesis Settings -> More Settings" to "Off".


+-------------------------------------------------------------------------------------+
; Parameter Settings for Inferred Entity Instance: Echo:inst2|lpm_mult:Mult0          ;
+------------------------------------------------+--------------+---------------------+
; Parameter Name                                 ; Value        ; Type                ;
+------------------------------------------------+--------------+---------------------+
; AUTO_CARRY_CHAINS                              ; ON           ; AUTO_CARRY          ;
; IGNORE_CARRY_BUFFERS                           ; OFF          ; IGNORE_CARRY        ;
; AUTO_CASCADE_CHAINS                            ; ON           ; AUTO_CASCADE        ;
; IGNORE_CASCADE_BUFFERS                         ; OFF          ; IGNORE_CASCADE      ;
; LPM_WIDTHA                                     ; 20           ; Untyped             ;
; LPM_WIDTHB                                     ; 9            ; Untyped             ;
; LPM_WIDTHP                                     ; 29           ; Untyped             ;
; LPM_WIDTHR                                     ; 29           ; Untyped             ;
; LPM_WIDTHS                                     ; 1            ; Untyped             ;
; LPM_REPRESENTATION                             ; UNSIGNED     ; Untyped             ;
; LPM_PIPELINE                                   ; 0            ; Untyped             ;
; LATENCY                                        ; 0            ; Untyped             ;
; INPUT_A_IS_CONSTANT                            ; NO           ; Untyped             ;
; INPUT_B_IS_CONSTANT                            ; YES          ; Untyped             ;
; USE_EAB                                        ; OFF          ; Untyped             ;
; MAXIMIZE_SPEED                                 ; 5            ; Untyped             ;
; DEVICE_FAMILY                                  ; Cyclone IV E ; Untyped             ;
; CARRY_CHAIN                                    ; MANUAL       ; Untyped             ;
; APEX20K_TECHNOLOGY_MAPPER                      ; LUT          ; TECH_MAPPER_APEX20K ;
; DEDICATED_MULTIPLIER_CIRCUITRY                 ; AUTO         ; Untyped             ;
; DEDICATED_MULTIPLIER_MIN_INPUT_WIDTH_FOR_AUTO  ; 0            ; Untyped             ;
; DEDICATED_MULTIPLIER_MIN_OUTPUT_WIDTH_FOR_AUTO ; 0            ; Untyped             ;
; CBXI_PARAMETER                                 ; mult_dft     ; Untyped             ;
; INPUT_A_FIXED_VALUE                            ; Bx           ; Untyped             ;
; INPUT_B_FIXED_VALUE                            ; Bx           ; Untyped             ;
; USE_AHDL_IMPLEMENTATION                        ; OFF          ; Untyped             ;
+------------------------------------------------+--------------+---------------------+
Note: In order to hide this table in the UI and the text report file, please set the "Show Parameter Settings in Synthesis Report" option in "Analysis and Synthesis Settings -> More Settings" to "Off".


+-----------------------------------------------------------------------------+
; Parameter Settings for Inferred Entity Instance: Echo:inst2|lpm_divide:Div0 ;
+------------------------+----------------+-----------------------------------+
; Parameter Name         ; Value          ; Type                              ;
+------------------------+----------------+-----------------------------------+
; LPM_WIDTHN             ; 29             ; Untyped                           ;
; LPM_WIDTHD             ; 11             ; Untyped                           ;
; LPM_NREPRESENTATION    ; UNSIGNED       ; Untyped                           ;
; LPM_DREPRESENTATION    ; UNSIGNED       ; Untyped                           ;
; LPM_PIPELINE           ; 0              ; Untyped                           ;
; LPM_REMAINDERPOSITIVE  ; TRUE           ; Untyped                           ;
; MAXIMIZE_SPEED         ; 5              ; Untyped                           ;
; CBXI_PARAMETER         ; lpm_divide_kkm ; Untyped                           ;
; CARRY_CHAIN            ; MANUAL         ; Untyped                           ;
; OPTIMIZE_FOR_SPEED     ; 5              ; Untyped                           ;
; AUTO_CARRY_CHAINS      ; ON             ; AUTO_CARRY                        ;
; IGNORE_CARRY_BUFFERS   ; OFF            ; IGNORE_CARRY                      ;
; AUTO_CASCADE_CHAINS    ; ON             ; AUTO_CASCADE                      ;
; IGNORE_CASCADE_BUFFERS ; OFF            ; IGNORE_CASCADE                    ;
+------------------------+----------------+-----------------------------------+
Note: In order to hide this table in the UI and the text report file, please set the "Show Parameter Settings in Synthesis Report" option in "Analysis and Synthesis Settings -> More Settings" to "Off".


+----------------------------------------------------------------------+
; altpll Parameter Settings by Entity Instance                         ;
+-------------------------------+--------------------------------------+
; Name                          ; Value                                ;
+-------------------------------+--------------------------------------+
; Number of entity instances    ; 1                                    ;
; Entity Instance               ; altpll0:inst|altpll:altpll_component ;
;     -- OPERATION_MODE         ; NORMAL                               ;
;     -- PLL_TYPE               ; AUTO                                 ;
;     -- PRIMARY_CLOCK          ; INCLK0                               ;
;     -- INCLK0_INPUT_FREQUENCY ; 40000                                ;
;     -- INCLK1_INPUT_FREQUENCY ; 0                                    ;
;     -- VCO_MULTIPLY_BY        ; 0                                    ;
;     -- VCO_DIVIDE_BY          ; 0                                    ;
+-------------------------------+--------------------------------------+


+-------------------------------------------------------------------+
; lpm_mult Parameter Settings by Entity Instance                    ;
+---------------------------------------+---------------------------+
; Name                                  ; Value                     ;
+---------------------------------------+---------------------------+
; Number of entity instances            ; 1                         ;
; Entity Instance                       ; Echo:inst2|lpm_mult:Mult0 ;
;     -- LPM_WIDTHA                     ; 20                        ;
;     -- LPM_WIDTHB                     ; 9                         ;
;     -- LPM_WIDTHP                     ; 29                        ;
;     -- LPM_REPRESENTATION             ; UNSIGNED                  ;
;     -- INPUT_A_IS_CONSTANT            ; NO                        ;
;     -- INPUT_B_IS_CONSTANT            ; YES                       ;
;     -- USE_EAB                        ; OFF                       ;
;     -- DEDICATED_MULTIPLIER_CIRCUITRY ; AUTO                      ;
;     -- INPUT_A_FIXED_VALUE            ; Bx                        ;
;     -- INPUT_B_FIXED_VALUE            ; Bx                        ;
+---------------------------------------+---------------------------+


+-------------------------------+
; Elapsed Time Per Partition    ;
+----------------+--------------+
; Partition Name ; Elapsed Time ;
+----------------+--------------+
; Top            ; 00:00:05     ;
+----------------+--------------+


+-------------------------------+
; Analysis & Synthesis Messages ;
+-------------------------------+
Info: *******************************************************************
Info: Running Quartus II 64-Bit Analysis & Synthesis
    Info: Version 13.1.0 Build 162 10/23/2013 SJ Full Version
    Info: Processing started: Thu Apr 21 17:46:30 2022
Info: Command: quartus_map --read_settings_files=on --write_settings_files=off LCD -c LCD
Info (20030): Parallel compilation is enabled and will use 8 of the 8 processors detected
Info (12021): Found 2 design units, including 1 entities, in source file altpll0.vhd
    Info (12022): Found design unit 1: altpll0-SYN
    Info (12023): Found entity 1: altpll0
Info (12021): Found 1 design units, including 1 entities, in source file lcd.bdf
    Info (12023): Found entity 1: LCD
Info (12021): Found 2 design units, including 1 entities, in source file lcdctrol.vhd
    Info (12022): Found design unit 1: LCDctrol-FH1
    Info (12023): Found entity 1: LCDctrol
Info (12021): Found 2 design units, including 1 entities, in source file cunchu.vhd
    Info (12022): Found design unit 1: cunchu-FH1
    Info (12023): Found entity 1: cunchu
Info (12021): Found 2 design units, including 1 entities, in source file echo.vhd
    Info (12022): Found design unit 1: Echo-FH1
    Info (12023): Found entity 1: Echo
Info (12021): Found 2 design units, including 1 entities, in source file output_files/lpm_counter0.vhd
    Info (12022): Found design unit 1: lpm_counter0-SYN
    Info (12023): Found entity 1: lpm_counter0
Info (12127): Elaborating entity "LCD" for the top level hierarchy
Info (12128): Elaborating entity "altpll0" for hierarchy "altpll0:inst"
Info (12128): Elaborating entity "altpll" for hierarchy "altpll0:inst|altpll:altpll_component"
Info (12130): Elaborated megafunction instantiation "altpll0:inst|altpll:altpll_component"
Info (12133): Instantiated megafunction "altpll0:inst|altpll:altpll_component" with the following parameter:
    Info (12134): Parameter "bandwidth_type" = "AUTO"
    Info (12134): Parameter "clk0_divide_by" = "4"
    Info (12134): Parameter "clk0_duty_cycle" = "50"
    Info (12134): Parameter "clk0_multiply_by" = "1"
    Info (12134): Parameter "clk0_phase_shift" = "0"
    Info (12134): Parameter "clk1_divide_by" = "25"
    Info (12134): Parameter "clk1_duty_cycle" = "50"
    Info (12134): Parameter "clk1_multiply_by" = "1"
    Info (12134): Parameter "clk1_phase_shift" = "0"
    Info (12134): Parameter "clk2_divide_by" = "100"
    Info (12134): Parameter "clk2_duty_cycle" = "50"
    Info (12134): Parameter "clk2_multiply_by" = "1"
    Info (12134): Parameter "clk2_phase_shift" = "0"
    Info (12134): Parameter "compensate_clock" = "CLK0"
    Info (12134): Parameter "inclk0_input_frequency" = "40000"
    Info (12134): Parameter "intended_device_family" = "Cyclone IV E"
    Info (12134): Parameter "lpm_hint" = "CBX_MODULE_PREFIX=altpll0"
    Info (12134): Parameter "lpm_type" = "altpll"
    Info (12134): Parameter "operation_mode" = "NORMAL"
    Info (12134): Parameter "pll_type" = "AUTO"
    Info (12134): Parameter "port_activeclock" = "PORT_UNUSED"
    Info (12134): Parameter "port_areset" = "PORT_USED"
    Info (12134): Parameter "port_clkbad0" = "PORT_UNUSED"
    Info (12134): Parameter "port_clkbad1" = "PORT_UNUSED"
    Info (12134): Parameter "port_clkloss" = "PORT_UNUSED"
    Info (12134): Parameter "port_clkswitch" = "PORT_UNUSED"
    Info (12134): Parameter "port_configupdate" = "PORT_UNUSED"
    Info (12134): Parameter "port_fbin" = "PORT_UNUSED"
    Info (12134): Parameter "port_inclk0" = "PORT_USED"
    Info (12134): Parameter "port_inclk1" = "PORT_UNUSED"
    Info (12134): Parameter "port_locked" = "PORT_USED"
    Info (12134): Parameter "port_pfdena" = "PORT_UNUSED"
    Info (12134): Parameter "port_phasecounterselect" = "PORT_UNUSED"
    Info (12134): Parameter "port_phasedone" = "PORT_UNUSED"
    Info (12134): Parameter "port_phasestep" = "PORT_UNUSED"
    Info (12134): Parameter "port_phaseupdown" = "PORT_UNUSED"
    Info (12134): Parameter "port_pllena" = "PORT_UNUSED"
    Info (12134): Parameter "port_scanaclr" = "PORT_UNUSED"
    Info (12134): Parameter "port_scanclk" = "PORT_UNUSED"
    Info (12134): Parameter "port_scanclkena" = "PORT_UNUSED"
    Info (12134): Parameter "port_scandata" = "PORT_UNUSED"
    Info (12134): Parameter "port_scandataout" = "PORT_UNUSED"
    Info (12134): Parameter "port_scandone" = "PORT_UNUSED"
    Info (12134): Parameter "port_scanread" = "PORT_UNUSED"
    Info (12134): Parameter "port_scanwrite" = "PORT_UNUSED"
    Info (12134): Parameter "port_clk0" = "PORT_USED"
    Info (12134): Parameter "port_clk1" = "PORT_USED"
    Info (12134): Parameter "port_clk2" = "PORT_USED"
    Info (12134): Parameter "port_clk3" = "PORT_UNUSED"
    Info (12134): Parameter "port_clk4" = "PORT_UNUSED"
    Info (12134): Parameter "port_clk5" = "PORT_UNUSED"
    Info (12134): Parameter "port_clkena0" = "PORT_UNUSED"
    Info (12134): Parameter "port_clkena1" = "PORT_UNUSED"
    Info (12134): Parameter "port_clkena2" = "PORT_UNUSED"
    Info (12134): Parameter "port_clkena3" = "PORT_UNUSED"
    Info (12134): Parameter "port_clkena4" = "PORT_UNUSED"
    Info (12134): Parameter "port_clkena5" = "PORT_UNUSED"
    Info (12134): Parameter "port_extclk0" = "PORT_UNUSED"
    Info (12134): Parameter "port_extclk1" = "PORT_UNUSED"
    Info (12134): Parameter "port_extclk2" = "PORT_UNUSED"
    Info (12134): Parameter "port_extclk3" = "PORT_UNUSED"
    Info (12134): Parameter "self_reset_on_loss_lock" = "OFF"
    Info (12134): Parameter "width_clock" = "5"
Info (12021): Found 1 design units, including 1 entities, in source file db/altpll0_altpll.v
    Info (12023): Found entity 1: altpll0_altpll
Info (12128): Elaborating entity "altpll0_altpll" for hierarchy "altpll0:inst|altpll:altpll_component|altpll0_altpll:auto_generated"
Info (12128): Elaborating entity "LCDctrol" for hierarchy "LCDctrol:inst1"
Warning (10492): VHDL Process Statement warning at LCDctrol.vhd(71): signal "Din" is read inside the Process Statement but isn't in the Process Statement's sensitivity list
Warning (10631): VHDL Process Statement warning at LCDctrol.vhd(65): inferring latch(es) for signal or variable "DATAAA", which holds its previous value in one or more paths through the process
Info (10041): Inferred latch for "DATAAA[0]" at LCDctrol.vhd(65)
Info (10041): Inferred latch for "DATAAA[1]" at LCDctrol.vhd(65)
Info (10041): Inferred latch for "DATAAA[2]" at LCDctrol.vhd(65)
Info (10041): Inferred latch for "DATAAA[3]" at LCDctrol.vhd(65)
Info (10041): Inferred latch for "DATAAA[4]" at LCDctrol.vhd(65)
Info (10041): Inferred latch for "DATAAA[5]" at LCDctrol.vhd(65)
Info (10041): Inferred latch for "DATAAA[6]" at LCDctrol.vhd(65)
Info (10041): Inferred latch for "DATAAA[7]" at LCDctrol.vhd(65)
Info (10041): Inferred latch for "DATAAA[8]" at LCDctrol.vhd(65)
Info (10041): Inferred latch for "DATAAA[9]" at LCDctrol.vhd(65)
Info (10041): Inferred latch for "DATAAA[10]" at LCDctrol.vhd(65)
Info (10041): Inferred latch for "DATAAA[11]" at LCDctrol.vhd(65)
Info (10041): Inferred latch for "DATAAA[12]" at LCDctrol.vhd(65)
Info (10041): Inferred latch for "DATAAA[13]" at LCDctrol.vhd(65)
Info (10041): Inferred latch for "DATAAA[14]" at LCDctrol.vhd(65)
Info (10041): Inferred latch for "DATAAA[15]" at LCDctrol.vhd(65)
Info (12128): Elaborating entity "cunchu" for hierarchy "cunchu:inst3"
Info (12128): Elaborating entity "Echo" for hierarchy "Echo:inst2"
Warning (10492): VHDL Process Statement warning at Echo.vhd(28): signal "QQ" is read inside the Process Statement but isn't in the Process Statement's sensitivity list
Info (12128): Elaborating entity "lpm_counter0" for hierarchy "lpm_counter0:inst4"
Info (12128): Elaborating entity "lpm_counter" for hierarchy "lpm_counter0:inst4|lpm_counter:LPM_COUNTER_component"
Info (12130): Elaborated megafunction instantiation "lpm_counter0:inst4|lpm_counter:LPM_COUNTER_component"
Info (12133): Instantiated megafunction "lpm_counter0:inst4|lpm_counter:LPM_COUNTER_component" with the following parameter:
    Info (12134): Parameter "lpm_direction" = "UP"
    Info (12134): Parameter "lpm_modulus" = "2500"
    Info (12134): Parameter "lpm_port_updown" = "PORT_UNUSED"
    Info (12134): Parameter "lpm_type" = "LPM_COUNTER"
    Info (12134): Parameter "lpm_width" = "24"
Info (12021): Found 1 design units, including 1 entities, in source file db/cntr_coj.tdf
    Info (12023): Found entity 1: cntr_coj
Info (12128): Elaborating entity "cntr_coj" for hierarchy "lpm_counter0:inst4|lpm_counter:LPM_COUNTER_component|cntr_coj:auto_generated"
Info (12021): Found 1 design units, including 1 entities, in source file db/cmpr_cic.tdf
    Info (12023): Found entity 1: cmpr_cic
Info (12128): Elaborating entity "cmpr_cic" for hierarchy "lpm_counter0:inst4|lpm_counter:LPM_COUNTER_component|cntr_coj:auto_generated|cmpr_cic:cmpr1"
Info (276014): Found 1 instances of uninferred RAM logic
    Info (276007): RAM logic "cunchu:inst3|DATA" is uninferred due to asynchronous read logic
Info (278001): Inferred 2 megafunctions from design logic
    Info (278003): Inferred multiplier megafunction ("lpm_mult") from the following logic: "Echo:inst2|Mult0"
    Info (278004): Inferred divider/modulo megafunction ("lpm_divide") from the following logic: "Echo:inst2|Div0"
Info (12130): Elaborated megafunction instantiation "Echo:inst2|lpm_mult:Mult0"
Info (12133): Instantiated megafunction "Echo:inst2|lpm_mult:Mult0" with the following parameter:
    Info (12134): Parameter "LPM_WIDTHA" = "20"
    Info (12134): Parameter "LPM_WIDTHB" = "9"
    Info (12134): Parameter "LPM_WIDTHP" = "29"
    Info (12134): Parameter "LPM_WIDTHR" = "29"
    Info (12134): Parameter "LPM_WIDTHS" = "1"
    Info (12134): Parameter "LPM_REPRESENTATION" = "UNSIGNED"
    Info (12134): Parameter "INPUT_A_IS_CONSTANT" = "NO"
    Info (12134): Parameter "INPUT_B_IS_CONSTANT" = "YES"
    Info (12134): Parameter "MAXIMIZE_SPEED" = "5"
Info (12021): Found 1 design units, including 1 entities, in source file db/mult_dft.tdf
    Info (12023): Found entity 1: mult_dft
Info (12130): Elaborated megafunction instantiation "Echo:inst2|lpm_divide:Div0"
Info (12133): Instantiated megafunction "Echo:inst2|lpm_divide:Div0" with the following parameter:
    Info (12134): Parameter "LPM_WIDTHN" = "29"
    Info (12134): Parameter "LPM_WIDTHD" = "11"
    Info (12134): Parameter "LPM_NREPRESENTATION" = "UNSIGNED"
    Info (12134): Parameter "LPM_DREPRESENTATION" = "UNSIGNED"
Info (12021): Found 1 design units, including 1 entities, in source file db/lpm_divide_kkm.tdf
    Info (12023): Found entity 1: lpm_divide_kkm
Info (12021): Found 1 design units, including 1 entities, in source file db/sign_div_unsign_cnh.tdf
    Info (12023): Found entity 1: sign_div_unsign_cnh
Info (12021): Found 1 design units, including 1 entities, in source file db/alt_u_div_caf.tdf
    Info (12023): Found entity 1: alt_u_div_caf
Info (12021): Found 1 design units, including 1 entities, in source file db/add_sub_7pc.tdf
    Info (12023): Found entity 1: add_sub_7pc
Info (12021): Found 1 design units, including 1 entities, in source file db/add_sub_8pc.tdf
    Info (12023): Found entity 1: add_sub_8pc
Info (13014): Ignored 31 buffer(s)
    Info (13019): Ignored 31 SOFT buffer(s)
Info (13025): Duplicate LATCH primitives merged into single LATCH primitive
    Info (13026): Duplicate LATCH primitive "LCDctrol:inst1|DATAAA[1]" merged with LATCH primitive "LCDctrol:inst1|DATAAA[15]"
    Info (13026): Duplicate LATCH primitive "LCDctrol:inst1|DATAAA[0]" merged with LATCH primitive "LCDctrol:inst1|DATAAA[15]"
    Info (13026): Duplicate LATCH primitive "LCDctrol:inst1|DATAAA[2]" merged with LATCH primitive "LCDctrol:inst1|DATAAA[15]"
    Info (13026): Duplicate LATCH primitive "LCDctrol:inst1|DATAAA[3]" merged with LATCH primitive "LCDctrol:inst1|DATAAA[15]"
    Info (13026): Duplicate LATCH primitive "LCDctrol:inst1|DATAAA[4]" merged with LATCH primitive "LCDctrol:inst1|DATAAA[15]"
    Info (13026): Duplicate LATCH primitive "LCDctrol:inst1|DATAAA[5]" merged with LATCH primitive "LCDctrol:inst1|DATAAA[15]"
    Info (13026): Duplicate LATCH primitive "LCDctrol:inst1|DATAAA[6]" merged with LATCH primitive "LCDctrol:inst1|DATAAA[15]"
    Info (13026): Duplicate LATCH primitive "LCDctrol:inst1|DATAAA[7]" merged with LATCH primitive "LCDctrol:inst1|DATAAA[15]"
    Info (13026): Duplicate LATCH primitive "LCDctrol:inst1|DATAAA[8]" merged with LATCH primitive "LCDctrol:inst1|DATAAA[15]"
    Info (13026): Duplicate LATCH primitive "LCDctrol:inst1|DATAAA[9]" merged with LATCH primitive "LCDctrol:inst1|DATAAA[15]"
    Info (13026): Duplicate LATCH primitive "LCDctrol:inst1|DATAAA[10]" merged with LATCH primitive "LCDctrol:inst1|DATAAA[15]"
    Info (13026): Duplicate LATCH primitive "LCDctrol:inst1|DATAAA[11]" merged with LATCH primitive "LCDctrol:inst1|DATAAA[15]"
    Info (13026): Duplicate LATCH primitive "LCDctrol:inst1|DATAAA[12]" merged with LATCH primitive "LCDctrol:inst1|DATAAA[15]"
    Info (13026): Duplicate LATCH primitive "LCDctrol:inst1|DATAAA[13]" merged with LATCH primitive "LCDctrol:inst1|DATAAA[15]"
    Info (13026): Duplicate LATCH primitive "LCDctrol:inst1|DATAAA[14]" merged with LATCH primitive "LCDctrol:inst1|DATAAA[15]"
Warning (13012): Latch LCDctrol:inst1|DATAAA[15] has unsafe behavior
    Warning (13013): Ports D and ENA on the latch are fed by the same signal LCDctrol:inst1|Thsync[4]
Warning (13024): Output pins are stuck at VCC or GND
    Warning (13410): Pin "lcd_light_en" is stuck at VCC
Info (286030): Timing-Driven Synthesis is running
Info (16010): Generating hard_block partition "hard_block:auto_generated_inst"
    Info (16011): Adding 1 node(s), including 0 DDIO, 1 PLL, 0 transceiver and 0 LCELL
Info (21057): Implemented 4233 device resources after synthesis - the final resource count might be different
    Info (21058): Implemented 3 input pins
    Info (21059): Implemented 21 output pins
    Info (21061): Implemented 4205 logic cells
    Info (21065): Implemented 1 PLLs
    Info (21062): Implemented 3 DSP elements
Info: Quartus II 64-Bit Analysis & Synthesis was successful. 0 errors, 7 warnings
    Info: Peak virtual memory: 4723 megabytes
    Info: Processing ended: Thu Apr 21 17:46:39 2022
    Info: Elapsed time: 00:00:09
    Info: Total CPU time (on all processors): 00:00:08


